<?xml version="1.0" encoding="UTF-8"?>
<testng-results ignored="0" total="2" passed="1" failed="1" skipped="0">
  <reporter-output>
  </reporter-output>
  <suite started-at="2020-03-26T07:02:18Z" name="Default suite" finished-at="2020-03-26T07:02:53Z" duration-ms="34630">
    <groups>
    </groups>
    <test started-at="2020-03-26T07:02:18Z" name="Default test" finished-at="2020-03-26T07:02:53Z" duration-ms="34630">
      <class name="com.example.demo.tdd.LoginUITest">
        <test-method is-config="true" signature="initDriver()[pri:0, instance:com.example.demo.tdd.LoginUITest@6e0dec4a]" started-at="2020-03-26T07:02:18Z" name="initDriver" finished-at="2020-03-26T07:02:18Z" duration-ms="20" status="PASS">
          <reporter-output>
          </reporter-output>
        </test-method> <!-- initDriver -->
        <test-method is-config="true" signature="launchBrowser()[pri:0, instance:com.example.demo.tdd.LoginUITest@6e0dec4a]" started-at="2020-03-26T07:02:18Z" name="launchBrowser" finished-at="2020-03-26T07:02:41Z" duration-ms="22848" status="PASS">
          <reporter-output>
          </reporter-output>
        </test-method> <!-- launchBrowser -->
        <test-method signature="ValidLogin()[pri:0, instance:com.example.demo.tdd.LoginUITest@6e0dec4a]" started-at="2020-03-26T07:02:41Z" name="ValidLogin" finished-at="2020-03-26T07:02:44Z" duration-ms="2686" status="PASS">
          <reporter-output>
          </reporter-output>
        </test-method> <!-- ValidLogin -->
        <test-method signature="TxnMoney()[pri:1, instance:com.example.demo.tdd.LoginUITest@6e0dec4a]" started-at="2020-03-26T07:02:44Z" name="TxnMoney" finished-at="2020-03-26T07:02:53Z" duration-ms="9032" status="FAIL">
          <exception class="java.lang.AssertionError">
            <message>
              <![CDATA[expected [498.0] but found [398.0]]]>
            </message>
            <full-stacktrace>
              <![CDATA[java.lang.AssertionError: expected [498.0] but found [398.0]
at org.testng.Assert.fail(Assert.java:96)
at org.testng.Assert.failNotEquals(Assert.java:776)
at org.testng.Assert.assertEqualsImpl(Assert.java:137)
at org.testng.Assert.assertEquals(Assert.java:118)
at org.testng.Assert.assertEquals(Assert.java:453)
at org.testng.Assert.assertEquals(Assert.java:463)
at com.example.demo.tdd.LoginUITest.TxnMoney(LoginUITest.java:64)
at java.base/jdk.internal.reflect.NativeMethodAccessorImpl.invoke0(Native Method)
at java.base/jdk.internal.reflect.NativeMethodAccessorImpl.invoke(NativeMethodAccessorImpl.java:62)
at java.base/jdk.internal.reflect.DelegatingMethodAccessorImpl.invoke(DelegatingMethodAccessorImpl.java:43)
at java.base/java.lang.reflect.Method.invoke(Method.java:567)
at org.testng.internal.MethodInvocationHelper.invokeMethod(MethodInvocationHelper.java:124)
at org.testng.internal.Invoker.invokeMethod(Invoker.java:583)
at org.testng.internal.Invoker.invokeTestMethod(Invoker.java:719)
at org.testng.internal.Invoker.invokeTestMethods(Invoker.java:989)
at org.testng.internal.TestMethodWorker.invokeTestMethods(TestMethodWorker.java:125)
at org.testng.internal.TestMethodWorker.run(TestMethodWorker.java:109)
at org.testng.TestRunner.privateRun(TestRunner.java:648)
at org.testng.TestRunner.run(TestRunner.java:505)
at org.testng.SuiteRunner.runTest(SuiteRunner.java:455)
at org.testng.SuiteRunner.runSequentially(SuiteRunner.java:450)
at org.testng.SuiteRunner.privateRun(SuiteRunner.java:415)
at org.testng.SuiteRunner.run(SuiteRunner.java:364)
at org.testng.SuiteRunnerWorker.runSuite(SuiteRunnerWorker.java:52)
at org.testng.SuiteRunnerWorker.run(SuiteRunnerWorker.java:84)
at org.testng.TestNG.runSuitesSequentially(TestNG.java:1208)
at org.testng.TestNG.runSuitesLocally(TestNG.java:1137)
at org.testng.TestNG.runSuites(TestNG.java:1049)
at org.testng.TestNG.run(TestNG.java:1017)
at org.testng.remote.AbstractRemoteTestNG.run(AbstractRemoteTestNG.java:115)
at org.testng.remote.RemoteTestNG.initAndRun(RemoteTestNG.java:251)
at org.testng.remote.RemoteTestNG.main(RemoteTestNG.java:77)
]]>
            </full-stacktrace>
          </exception> <!-- java.lang.AssertionError -->
          <reporter-output>
          </reporter-output>
        </test-method> <!-- TxnMoney -->
        <test-method is-config="true" signature="terminateBrowser()[pri:0, instance:com.example.demo.tdd.LoginUITest@6e0dec4a]" started-at="2020-03-26T07:02:53Z" name="terminateBrowser" finished-at="2020-03-26T07:02:53Z" duration-ms="0" status="PASS">
          <reporter-output>
          </reporter-output>
        </test-method> <!-- terminateBrowser -->
      </class> <!-- com.example.demo.tdd.LoginUITest -->
    </test> <!-- Default test -->
  </suite> <!-- Default suite -->
</testng-results>
