<?xml version="1.0" encoding="UTF-8"?>
<!-- Generated by org.testng.reporters.JUnitXMLReporter -->
<testsuite ignored="0" hostname="Kishore-PC" failures="1" tests="2" name="chrome-test" time="55.789" errors="0" timestamp="25 Mar 2020 23:44:49 GMT">
  <testcase classname="com.example.demo.tdd.LoginUITest" name="@BeforeMethod LaunchBrowser" time="7.164">
    <failure type="org.openqa.selenium.SessionNotCreatedException" message="session not created
from disconnected: Unable to receive message from renderer
  (Session info: chrome=80.0.3987.149)
Build info: version: &amp;apos;3.141.59&amp;apos;, revision: &amp;apos;e82be7d358&amp;apos;, time: &amp;apos;2018-11-14T08:17:03&amp;apos;
System info: host: &amp;apos;KISHORE-PC&amp;apos;, ip: &amp;apos;192.168.0.4&amp;apos;, os.name: &amp;apos;Windows 7&amp;apos;, os.arch: &amp;apos;amd64&amp;apos;, os.version: &amp;apos;6.1&amp;apos;, java.version: &amp;apos;13.0.1&amp;apos;
Driver info: driver.version: ChromeDriver
remote stacktrace: Backtrace:
	Ordinal0 [0x00290C83+1707139]
	Ordinal0 [0x001F68F1+1075441]
	Ordinal0 [0x0016DFC9+516041]
	Ordinal0 [0x00165DA5+482725]
	Ordinal0 [0x001653AC+480172]
	Ordinal0 [0x001655D5+480725]
	Ordinal0 [0x00165035+479285]
	Ordinal0 [0x0016CD25+511269]
	Ordinal0 [0x00164FE8+479208]
	Ordinal0 [0x00165A3B+481851]
	Ordinal0 [0x001653AC+480172]
	Ordinal0 [0x001655D5+480725]
	Ordinal0 [0x00165035+479285]
	Ordinal0 [0x0016B5AE+505262]
	Ordinal0 [0x00164FE8+479208]
	Ordinal0 [0x00165A3B+481851]
	Ordinal0 [0x001653AC+480172]
	Ordinal0 [0x001655D5+480725]
	Ordinal0 [0x00165035+479285]
	Ordinal0 [0x00169E1C+499228]
	Ordinal0 [0x00164FE8+479208]
	Ordinal0 [0x00165A3B+481851]
	Ordinal0 [0x001653AC+480172]
	Ordinal0 [0x001655D5+480725]
	Ordinal0 [0x00165035+479285]
	Ordinal0 [0x001694B7+496823]
	Ordinal0 [0x00164FE8+479208]
	Ordinal0 [0x00165A3B+481851]
	Ordinal0 [0x001653AC+480172]
	Ordinal0 [0x001655D5+480725]
	Ordinal0 [0x00165035+479285]
	Ordinal0 [0x00161B5C+465756]
	Ordinal0 [0x00164FE8+479208]
	Ordinal0 [0x00164EC4+478916]
	Ordinal0 [0x0016ECA0+519328]
	Ordinal0 [0x0011CA67+182887]
	Ordinal0 [0x0011BDDD+179677]
	Ordinal0 [0x00119D4B+171339]
	Ordinal0 [0x00101D4A+73034]
	Ordinal0 [0x00102DC0+77248]
	Ordinal0 [0x00102D59+77145]
	Ordinal0 [0x0020BB67+1162087]
	GetHandleVerifier [0x0032A966+508998]
	GetHandleVerifier [0x0032A6A4+508292]
	GetHandleVerifier [0x0033F7B7+594583]
	GetHandleVerifier [0x0032B1D6+511158]
	Ordinal0 [0x0020402C+1130540]
	Ordinal0 [0x0020D4CB+1168587]
	Ordinal0 [0x0020D633+1168947]
	Ordinal0 [0x00225B35+1268533]
	BaseThreadInitThunk [0x7534343D+18]
	RtlInitializeExceptionChain [0x77139812+99]
	RtlInitializeExceptionChain [0x771397E5+54]
">
      <![CDATA[org.openqa.selenium.SessionNotCreatedException: session not created
from disconnected: Unable to receive message from renderer
  (Session info: chrome=80.0.3987.149)
Build info: version: '3.141.59', revision: 'e82be7d358', time: '2018-11-14T08:17:03'
System info: host: 'KISHORE-PC', ip: '192.168.0.4', os.name: 'Windows 7', os.arch: 'amd64', os.version: '6.1', java.version: '13.0.1'
Driver info: driver.version: ChromeDriver
remote stacktrace: Backtrace:
Ordinal0 [0x00290C83+1707139]
Ordinal0 [0x001F68F1+1075441]
Ordinal0 [0x0016DFC9+516041]
Ordinal0 [0x00165DA5+482725]
Ordinal0 [0x001653AC+480172]
Ordinal0 [0x001655D5+480725]
Ordinal0 [0x00165035+479285]
Ordinal0 [0x0016CD25+511269]
Ordinal0 [0x00164FE8+479208]
Ordinal0 [0x00165A3B+481851]
Ordinal0 [0x001653AC+480172]
Ordinal0 [0x001655D5+480725]
Ordinal0 [0x00165035+479285]
Ordinal0 [0x0016B5AE+505262]
Ordinal0 [0x00164FE8+479208]
Ordinal0 [0x00165A3B+481851]
Ordinal0 [0x001653AC+480172]
Ordinal0 [0x001655D5+480725]
Ordinal0 [0x00165035+479285]
Ordinal0 [0x00169E1C+499228]
Ordinal0 [0x00164FE8+479208]
Ordinal0 [0x00165A3B+481851]
Ordinal0 [0x001653AC+480172]
Ordinal0 [0x001655D5+480725]
Ordinal0 [0x00165035+479285]
Ordinal0 [0x001694B7+496823]
Ordinal0 [0x00164FE8+479208]
Ordinal0 [0x00165A3B+481851]
Ordinal0 [0x001653AC+480172]
Ordinal0 [0x001655D5+480725]
Ordinal0 [0x00165035+479285]
Ordinal0 [0x00161B5C+465756]
Ordinal0 [0x00164FE8+479208]
Ordinal0 [0x00164EC4+478916]
Ordinal0 [0x0016ECA0+519328]
Ordinal0 [0x0011CA67+182887]
Ordinal0 [0x0011BDDD+179677]
Ordinal0 [0x00119D4B+171339]
Ordinal0 [0x00101D4A+73034]
Ordinal0 [0x00102DC0+77248]
Ordinal0 [0x00102D59+77145]
Ordinal0 [0x0020BB67+1162087]
GetHandleVerifier [0x0032A966+508998]
GetHandleVerifier [0x0032A6A4+508292]
GetHandleVerifier [0x0033F7B7+594583]
GetHandleVerifier [0x0032B1D6+511158]
Ordinal0 [0x0020402C+1130540]
Ordinal0 [0x0020D4CB+1168587]
Ordinal0 [0x0020D633+1168947]
Ordinal0 [0x00225B35+1268533]
BaseThreadInitThunk [0x7534343D+18]
RtlInitializeExceptionChain [0x77139812+99]
RtlInitializeExceptionChain [0x771397E5+54]

at org.openqa.selenium.remote.W3CHandshakeResponse.lambda$errorHandler$0(W3CHandshakeResponse.java:62)
at org.openqa.selenium.remote.HandshakeResponse.lambda$getResponseFunction$0(HandshakeResponse.java:30)
at org.openqa.selenium.remote.ProtocolHandshake.lambda$createSession$0(ProtocolHandshake.java:126)
at java.base/java.util.stream.ReferencePipeline$3$1.accept(ReferencePipeline.java:195)
at java.base/java.util.Spliterators$ArraySpliterator.tryAdvance(Spliterators.java:958)
at java.base/java.util.stream.ReferencePipeline.forEachWithCancel(ReferencePipeline.java:127)
at java.base/java.util.stream.AbstractPipeline.copyIntoWithCancel(AbstractPipeline.java:502)
at java.base/java.util.stream.AbstractPipeline.copyInto(AbstractPipeline.java:488)
at java.base/java.util.stream.AbstractPipeline.wrapAndCopyInto(AbstractPipeline.java:474)
at java.base/java.util.stream.FindOps$FindOp.evaluateSequential(FindOps.java:150)
at java.base/java.util.stream.AbstractPipeline.evaluate(AbstractPipeline.java:234)
at java.base/java.util.stream.ReferencePipeline.findFirst(ReferencePipeline.java:543)
at org.openqa.selenium.remote.ProtocolHandshake.createSession(ProtocolHandshake.java:128)
at org.openqa.selenium.remote.ProtocolHandshake.createSession(ProtocolHandshake.java:74)
at org.openqa.selenium.remote.HttpCommandExecutor.execute(HttpCommandExecutor.java:136)
at org.openqa.selenium.remote.service.DriverCommandExecutor.execute(DriverCommandExecutor.java:83)
at org.openqa.selenium.remote.RemoteWebDriver.execute(RemoteWebDriver.java:552)
at org.openqa.selenium.remote.RemoteWebDriver.startSession(RemoteWebDriver.java:213)
at org.openqa.selenium.remote.RemoteWebDriver.<init>(RemoteWebDriver.java:131)
at org.openqa.selenium.chrome.ChromeDriver.<init>(ChromeDriver.java:181)
at org.openqa.selenium.chrome.ChromeDriver.<init>(ChromeDriver.java:168)
at org.openqa.selenium.chrome.ChromeDriver.<init>(ChromeDriver.java:123)
at com.example.demo.tdd.LoginUITest.LaunchBrowser(LoginUITest.java:26)
... Removed 33 stack frames]]>
    </failure>
  </testcase> <!-- @BeforeMethod LaunchBrowser -->
  <testcase classname="com.example.demo.tdd.LoginUITest" name="@AfterMethod terminateBrowser" time="0.0">
    <skipped/>
  </testcase> <!-- @AfterMethod terminateBrowser -->
  <testcase classname="com.example.demo.tdd.LoginUITest" name="TxnMoney" time="0.712">
    <failure type="org.openqa.selenium.NoSuchElementException" message="no such element: Unable to locate element: {&amp;quot;method&amp;quot;:&amp;quot;link text&amp;quot;,&amp;quot;selector&amp;quot;:&amp;quot;Pay&amp;quot;}
  (Session info: chrome=80.0.3987.149)
For documentation on this error, please visit: https://www.seleniumhq.org/exceptions/no_such_element.html
Build info: version: &amp;apos;3.141.59&amp;apos;, revision: &amp;apos;e82be7d358&amp;apos;, time: &amp;apos;2018-11-14T08:17:03&amp;apos;
System info: host: &amp;apos;KISHORE-PC&amp;apos;, ip: &amp;apos;192.168.0.4&amp;apos;, os.name: &amp;apos;Windows 7&amp;apos;, os.arch: &amp;apos;amd64&amp;apos;, os.version: &amp;apos;6.1&amp;apos;, java.version: &amp;apos;13.0.1&amp;apos;
Driver info: org.openqa.selenium.chrome.ChromeDriver
Capabilities {acceptInsecureCerts: false, browserName: chrome, browserVersion: 80.0.3987.149, chrome: {chromedriverVersion: 80.0.3987.106 (f68069574609..., userDataDir: C:\Users\Kishore\AppData\Lo...}, goog:chromeOptions: {debuggerAddress: localhost:55767}, javascriptEnabled: true, networkConnectionEnabled: false, pageLoadStrategy: normal, platform: WINDOWS, platformName: WINDOWS, proxy: Proxy(), setWindowRect: true, strictFileInteractability: false, timeouts: {implicit: 0, pageLoad: 300000, script: 30000}, unhandledPromptBehavior: dismiss and notify}
Session ID: ba17c5440faf64efda87aff872ca721b
*** Element info: {Using=link text, value=Pay}">
      <![CDATA[org.openqa.selenium.NoSuchElementException: no such element: Unable to locate element: {"method":"link text","selector":"Pay"}
  (Session info: chrome=80.0.3987.149)
For documentation on this error, please visit: https://www.seleniumhq.org/exceptions/no_such_element.html
Build info: version: '3.141.59', revision: 'e82be7d358', time: '2018-11-14T08:17:03'
System info: host: 'KISHORE-PC', ip: '192.168.0.4', os.name: 'Windows 7', os.arch: 'amd64', os.version: '6.1', java.version: '13.0.1'
Driver info: org.openqa.selenium.chrome.ChromeDriver
Capabilities {acceptInsecureCerts: false, browserName: chrome, browserVersion: 80.0.3987.149, chrome: {chromedriverVersion: 80.0.3987.106 (f68069574609..., userDataDir: C:\Users\Kishore\AppData\Lo...}, goog:chromeOptions: {debuggerAddress: localhost:55767}, javascriptEnabled: true, networkConnectionEnabled: false, pageLoadStrategy: normal, platform: WINDOWS, platformName: WINDOWS, proxy: Proxy(), setWindowRect: true, strictFileInteractability: false, timeouts: {implicit: 0, pageLoad: 300000, script: 30000}, unhandledPromptBehavior: dismiss and notify}
Session ID: ba17c5440faf64efda87aff872ca721b
*** Element info: {Using=link text, value=Pay}
at org.openqa.selenium.remote.http.W3CHttpResponseCodec.createException(W3CHttpResponseCodec.java:187)
at org.openqa.selenium.remote.http.W3CHttpResponseCodec.decode(W3CHttpResponseCodec.java:122)
at org.openqa.selenium.remote.http.W3CHttpResponseCodec.decode(W3CHttpResponseCodec.java:49)
at org.openqa.selenium.remote.HttpCommandExecutor.execute(HttpCommandExecutor.java:158)
at org.openqa.selenium.remote.service.DriverCommandExecutor.execute(DriverCommandExecutor.java:83)
at org.openqa.selenium.remote.RemoteWebDriver.execute(RemoteWebDriver.java:552)
at org.openqa.selenium.remote.RemoteWebDriver.findElement(RemoteWebDriver.java:323)
at org.openqa.selenium.remote.RemoteWebDriver.findElementByLinkText(RemoteWebDriver.java:380)
at org.openqa.selenium.By$ByLinkText.findElement(By.java:220)
at org.openqa.selenium.remote.RemoteWebDriver.findElement(RemoteWebDriver.java:315)
at com.example.demo.tdd.LoginUITest.TxnMoney(LoginUITest.java:48)
... Removed 30 stack frames]]>
    </failure>
  </testcase> <!-- TxnMoney -->
  <testcase classname="com.example.demo.tdd.LoginUITest" name="ValidLogin" time="0.0">
    <skipped/>
  </testcase> <!-- ValidLogin -->
</testsuite> <!-- chrome-test -->
